c:\users\alexandr\source\repos\mathlibrary\debug\vc141.pdb
c:\users\alexandr\source\repos\mathlibrary\debug\vc141.idb
c:\users\alexandr\source\repos\mathlibrary\debug\mathfunctions.obj
c:\users\alexandr\source\repos\mathlibrary\debug\integrals.obj
c:\users\alexandr\source\repos\mathlibrary\debug\matrix.obj
c:\users\alexandr\source\repos\mathlibrary\debug\vector3d.obj
c:\users\alexandr\source\repos\mathlibrary\debug\mathlibrary.obj
c:\users\alexandr\source\repos\mathlibrary\debug\mathlibrary.ilk
c:\users\alexandr\source\repos\mathlibrary\debug\mathlibrary.dll
c:\users\alexandr\source\repos\mathlibrary\debug\mathlibrary.pdb
c:\users\alexandr\source\repos\mathlibrary\debug\mathlibrary.lib
c:\users\alexandr\source\repos\mathlibrary\debug\mathlibrary.exp
c:\users\alexandr\source\repos\mathlibrary\debug\pch.obj
c:\users\alexandr\source\repos\mathlibrary\debug\mathlibrary.pch
c:\users\alexandr\source\repos\mathlibrary\debug\clientproject.pdb
c:\users\alexandr\source\repos\mathlibrary\debug\mathlibrary.tlog\cl.command.1.tlog
c:\users\alexandr\source\repos\mathlibrary\debug\mathlibrary.tlog\cl.read.1.tlog
c:\users\alexandr\source\repos\mathlibrary\debug\mathlibrary.tlog\cl.write.1.tlog
c:\users\alexandr\source\repos\mathlibrary\debug\mathlibrary.tlog\link-cvtres.read.1.tlog
c:\users\alexandr\source\repos\mathlibrary\debug\mathlibrary.tlog\link-cvtres.write.1.tlog
c:\users\alexandr\source\repos\mathlibrary\debug\mathlibrary.tlog\link-rc.read.1.tlog
c:\users\alexandr\source\repos\mathlibrary\debug\mathlibrary.tlog\link-rc.write.1.tlog
c:\users\alexandr\source\repos\mathlibrary\debug\mathlibrary.tlog\link.command.1.tlog
c:\users\alexandr\source\repos\mathlibrary\debug\mathlibrary.tlog\link.delete.1.tlog
c:\users\alexandr\source\repos\mathlibrary\debug\mathlibrary.tlog\link.read.1.tlog
c:\users\alexandr\source\repos\mathlibrary\debug\mathlibrary.tlog\link.write.1.tlog
c:\users\alexandr\source\repos\mathlibrary\debug\mathlibrary.tlog\mathlibrary.write.1u.tlog
